<?xml version="1.0" encoding="UTF-8"?>
<testng-results ignored="0" total="5" passed="4" failed="1" skipped="0">
  <reporter-output>
  </reporter-output>
  <suite started-at="2024-12-17T13:45:21 IST" name="Suite" finished-at="2024-12-17T13:46:35 IST" duration-ms="73658">
    <groups>
    </groups>
    <test started-at="2024-12-17T13:45:21 IST" name="Test" finished-at="2024-12-17T13:46:35 IST" duration-ms="73658">
      <class name="test.TC_001_SignupTest">
        <test-method is-config="true" signature="setup()[pri:0, instance:test.TC_001_SignupTest@2b71e916]" started-at="2024-12-17T13:45:21 IST" name="setup" finished-at="2024-12-17T13:45:21 IST" duration-ms="10" status="PASS">
          <reporter-output>
          </reporter-output>
        </test-method> <!-- setup -->
        <test-method is-config="true" signature="launchandLoadURL()[pri:0, instance:test.TC_001_SignupTest@2b71e916]" started-at="2024-12-17T13:45:27 IST" name="launchandLoadURL" finished-at="2024-12-17T13:45:30 IST" duration-ms="3126" status="PASS">
          <reporter-output>
          </reporter-output>
        </test-method> <!-- launchandLoadURL -->
        <test-method signature="signupTest()[pri:0, instance:test.TC_001_SignupTest@2b71e916]" started-at="2024-12-17T13:45:30 IST" name="signupTest" finished-at="2024-12-17T13:45:32 IST" duration-ms="2094" status="PASS">
          <reporter-output>
          </reporter-output>
        </test-method> <!-- signupTest -->
        <test-method is-config="true" signature="browsrClose()[pri:0, instance:test.TC_001_SignupTest@2b71e916]" started-at="2024-12-17T13:45:32 IST" name="browsrClose" finished-at="2024-12-17T13:45:32 IST" duration-ms="0" status="PASS">
          <reporter-output>
          </reporter-output>
        </test-method> <!-- browsrClose -->
      </class> <!-- test.TC_001_SignupTest -->
      <class name="test.TC_003_AddcontactsTest">
        <test-method is-config="true" signature="setup()[pri:0, instance:test.TC_003_AddcontactsTest@28701274]" started-at="2024-12-17T13:45:21 IST" name="setup" finished-at="2024-12-17T13:45:21 IST" duration-ms="0" status="PASS">
          <reporter-output>
          </reporter-output>
        </test-method> <!-- setup -->
        <test-method is-config="true" signature="launchandLoadURL()[pri:0, instance:test.TC_003_AddcontactsTest@28701274]" started-at="2024-12-17T13:45:44 IST" name="launchandLoadURL" finished-at="2024-12-17T13:45:56 IST" duration-ms="11568" status="PASS">
          <reporter-output>
          </reporter-output>
        </test-method> <!-- launchandLoadURL -->
        <test-method signature="addContactsTest()[pri:2, instance:test.TC_003_AddcontactsTest@28701274]" started-at="2024-12-17T13:45:56 IST" name="addContactsTest" finished-at="2024-12-17T13:46:07 IST" duration-ms="11605" status="PASS">
          <reporter-output>
          </reporter-output>
        </test-method> <!-- addContactsTest -->
        <test-method is-config="true" signature="browsrClose()[pri:0, instance:test.TC_003_AddcontactsTest@28701274]" started-at="2024-12-17T13:46:07 IST" name="browsrClose" finished-at="2024-12-17T13:46:07 IST" duration-ms="1" status="PASS">
          <reporter-output>
          </reporter-output>
        </test-method> <!-- browsrClose -->
      </class> <!-- test.TC_003_AddcontactsTest -->
      <class name="test.TC_002_LoginTest">
        <test-method is-config="true" signature="setup()[pri:0, instance:test.TC_002_LoginTest@74235045]" started-at="2024-12-17T13:45:21 IST" name="setup" finished-at="2024-12-17T13:45:21 IST" duration-ms="1" status="PASS">
          <reporter-output>
          </reporter-output>
        </test-method> <!-- setup -->
        <test-method is-config="true" signature="launchandLoadURL()[pri:0, instance:test.TC_002_LoginTest@74235045]" started-at="2024-12-17T13:45:21 IST" name="launchandLoadURL" finished-at="2024-12-17T13:45:25 IST" duration-ms="3997" status="PASS">
          <reporter-output>
          </reporter-output>
        </test-method> <!-- launchandLoadURL -->
        <test-method signature="loginTest()[pri:1, instance:test.TC_002_LoginTest@74235045]" started-at="2024-12-17T13:45:25 IST" name="loginTest" finished-at="2024-12-17T13:45:27 IST" duration-ms="1406" status="PASS">
          <reporter-output>
          </reporter-output>
        </test-method> <!-- loginTest -->
        <test-method is-config="true" signature="browsrClose()[pri:0, instance:test.TC_002_LoginTest@74235045]" started-at="2024-12-17T13:45:27 IST" name="browsrClose" finished-at="2024-12-17T13:45:27 IST" duration-ms="2" status="PASS">
          <reporter-output>
          </reporter-output>
        </test-method> <!-- browsrClose -->
      </class> <!-- test.TC_002_LoginTest -->
      <class name="test.TC_005_DeleteContactsTest">
        <test-method is-config="true" signature="setup()[pri:0, instance:test.TC_005_DeleteContactsTest@13c9d689]" started-at="2024-12-17T13:45:21 IST" name="setup" finished-at="2024-12-17T13:45:21 IST" duration-ms="1" status="PASS">
          <reporter-output>
          </reporter-output>
        </test-method> <!-- setup -->
        <test-method is-config="true" signature="launchandLoadURL()[pri:0, instance:test.TC_005_DeleteContactsTest@13c9d689]" started-at="2024-12-17T13:46:07 IST" name="launchandLoadURL" finished-at="2024-12-17T13:46:17 IST" duration-ms="9830" status="PASS">
          <reporter-output>
          </reporter-output>
        </test-method> <!-- launchandLoadURL -->
        <test-method signature="deleteContactsTest()[pri:4, instance:test.TC_005_DeleteContactsTest@13c9d689]" started-at="2024-12-17T13:46:17 IST" name="deleteContactsTest" finished-at="2024-12-17T13:46:35 IST" duration-ms="17949" status="FAIL">
          <exception class="org.openqa.selenium.NoSuchElementException">
            <message>
              <![CDATA[no such element: Unable to locate element: {"method":"css selector","selector":"#triggerAlertButton"}
  (Session info: chrome=130.0.6723.117)
For documentation on this error, please visit: https://www.selenium.dev/documentation/webdriver/troubleshooting/errors#no-such-element-exception
Build info: version: '4.25.0', revision: '8a8aea2337'
System info: os.name: 'Windows 11', os.arch: 'amd64', os.version: '10.0', java.version: '23'
Driver info: org.openqa.selenium.chrome.ChromeDriver
Command: [719797379723215655cdec5718e9f0a5, findElement {using=id, value=triggerAlertButton}]
Capabilities {acceptInsecureCerts: false, browserName: chrome, browserVersion: 130.0.6723.117, chrome: {chromedriverVersion: 130.0.6723.116 (6ac35f94ae3..., userDataDir: C:\Users\DELL\AppData\Local...}, fedcm:accounts: true, goog:chromeOptions: {debuggerAddress: localhost:52157}, networkConnectionEnabled: false, pageLoadStrategy: normal, platformName: windows, proxy: Proxy(), se:cdp: ws://localhost:52157/devtoo..., se:cdpVersion: 130.0.6723.117, setWindowRect: true, strictFileInteractability: false, timeouts: {implicit: 0, pageLoad: 300000, script: 30000}, unhandledPromptBehavior: dismiss and notify, webauthn:extension:credBlob: true, webauthn:extension:largeBlob: true, webauthn:extension:minPinLength: true, webauthn:extension:prf: true, webauthn:virtualAuthenticators: true}
Session ID: 719797379723215655cdec5718e9f0a5]]>
            </message>
            <full-stacktrace>
              <![CDATA[org.openqa.selenium.NoSuchElementException: no such element: Unable to locate element: {"method":"css selector","selector":"#triggerAlertButton"}
  (Session info: chrome=130.0.6723.117)
For documentation on this error, please visit: https://www.selenium.dev/documentation/webdriver/troubleshooting/errors#no-such-element-exception
Build info: version: '4.25.0', revision: '8a8aea2337'
System info: os.name: 'Windows 11', os.arch: 'amd64', os.version: '10.0', java.version: '23'
Driver info: org.openqa.selenium.chrome.ChromeDriver
Command: [719797379723215655cdec5718e9f0a5, findElement {using=id, value=triggerAlertButton}]
Capabilities {acceptInsecureCerts: false, browserName: chrome, browserVersion: 130.0.6723.117, chrome: {chromedriverVersion: 130.0.6723.116 (6ac35f94ae3..., userDataDir: C:\Users\DELL\AppData\Local...}, fedcm:accounts: true, goog:chromeOptions: {debuggerAddress: localhost:52157}, networkConnectionEnabled: false, pageLoadStrategy: normal, platformName: windows, proxy: Proxy(), se:cdp: ws://localhost:52157/devtoo..., se:cdpVersion: 130.0.6723.117, setWindowRect: true, strictFileInteractability: false, timeouts: {implicit: 0, pageLoad: 300000, script: 30000}, unhandledPromptBehavior: dismiss and notify, webauthn:extension:credBlob: true, webauthn:extension:largeBlob: true, webauthn:extension:minPinLength: true, webauthn:extension:prf: true, webauthn:virtualAuthenticators: true}
Session ID: 719797379723215655cdec5718e9f0a5
at java.base/jdk.internal.reflect.DirectConstructorHandleAccessor.newInstance(DirectConstructorHandleAccessor.java:62)
at java.base/java.lang.reflect.Constructor.newInstanceWithCaller(Constructor.java:501)
at java.base/java.lang.reflect.Constructor.newInstance(Constructor.java:485)
at org.openqa.selenium.remote.ErrorCodec.decode(ErrorCodec.java:167)
at org.openqa.selenium.remote.codec.w3c.W3CHttpResponseCodec.decode(W3CHttpResponseCodec.java:138)
at org.openqa.selenium.remote.codec.w3c.W3CHttpResponseCodec.decode(W3CHttpResponseCodec.java:50)
at org.openqa.selenium.remote.HttpCommandExecutor.execute(HttpCommandExecutor.java:190)
at org.openqa.selenium.remote.service.DriverCommandExecutor.invokeExecute(DriverCommandExecutor.java:216)
at org.openqa.selenium.remote.service.DriverCommandExecutor.execute(DriverCommandExecutor.java:174)
at org.openqa.selenium.remote.RemoteWebDriver.execute(RemoteWebDriver.java:545)
at org.openqa.selenium.remote.ElementLocation$ElementFinder$2.findElement(ElementLocation.java:165)
at org.openqa.selenium.remote.ElementLocation.findElement(ElementLocation.java:59)
at org.openqa.selenium.remote.RemoteWebDriver.findElement(RemoteWebDriver.java:368)
at org.openqa.selenium.remote.RemoteWebDriver.findElement(RemoteWebDriver.java:362)
at pages.HomePage.deletecontacts(HomePage.java:198)
at test.TC_005_DeleteContactsTest.deleteContactsTest(TC_005_DeleteContactsTest.java:29)
at java.base/jdk.internal.reflect.DirectMethodHandleAccessor.invoke(DirectMethodHandleAccessor.java:103)
at java.base/java.lang.reflect.Method.invoke(Method.java:580)
at org.testng.internal.MethodInvocationHelper.invokeMethod(MethodInvocationHelper.java:133)
at org.testng.internal.TestInvoker.invokeMethod(TestInvoker.java:598)
at org.testng.internal.TestInvoker.invokeTestMethod(TestInvoker.java:173)
at org.testng.internal.MethodRunner.runInSequence(MethodRunner.java:46)
at org.testng.internal.TestInvoker$MethodInvocationAgent.invoke(TestInvoker.java:824)
at org.testng.internal.TestInvoker.invokeTestMethods(TestInvoker.java:146)
at org.testng.internal.TestMethodWorker.invokeTestMethods(TestMethodWorker.java:146)
at org.testng.internal.TestMethodWorker.run(TestMethodWorker.java:128)
at java.base/java.util.ArrayList.forEach(ArrayList.java:1597)
at org.testng.TestRunner.privateRun(TestRunner.java:794)
at org.testng.TestRunner.run(TestRunner.java:596)
at org.testng.SuiteRunner.runTest(SuiteRunner.java:377)
at org.testng.SuiteRunner.runSequentially(SuiteRunner.java:371)
at org.testng.SuiteRunner.privateRun(SuiteRunner.java:332)
at org.testng.SuiteRunner.run(SuiteRunner.java:276)
at org.testng.SuiteRunnerWorker.runSuite(SuiteRunnerWorker.java:53)
at org.testng.SuiteRunnerWorker.run(SuiteRunnerWorker.java:96)
at org.testng.TestNG.runSuitesSequentially(TestNG.java:1212)
at org.testng.TestNG.runSuitesLocally(TestNG.java:1134)
at org.testng.TestNG.runSuites(TestNG.java:1063)
at org.testng.TestNG.run(TestNG.java:1031)
at org.testng.remote.AbstractRemoteTestNG.run(AbstractRemoteTestNG.java:115)
at org.testng.remote.RemoteTestNG.initAndRun(RemoteTestNG.java:293)
at org.testng.remote.RemoteTestNG.main(RemoteTestNG.java:91)
]]>
            </full-stacktrace>
          </exception> <!-- org.openqa.selenium.NoSuchElementException -->
          <reporter-output>
          </reporter-output>
        </test-method> <!-- deleteContactsTest -->
        <test-method is-config="true" signature="browsrClose()[pri:0, instance:test.TC_005_DeleteContactsTest@13c9d689]" started-at="2024-12-17T13:46:35 IST" name="browsrClose" finished-at="2024-12-17T13:46:35 IST" duration-ms="0" status="PASS">
          <reporter-output>
          </reporter-output>
        </test-method> <!-- browsrClose -->
      </class> <!-- test.TC_005_DeleteContactsTest -->
      <class name="test.TC_004_ContactsEditTest">
        <test-method is-config="true" signature="setup()[pri:0, instance:test.TC_004_ContactsEditTest@36fc695d]" started-at="2024-12-17T13:45:21 IST" name="setup" finished-at="2024-12-17T13:45:21 IST" duration-ms="2" status="PASS">
          <reporter-output>
          </reporter-output>
        </test-method> <!-- setup -->
        <test-method is-config="true" signature="launchandLoadURL()[pri:0, instance:test.TC_004_ContactsEditTest@36fc695d]" started-at="2024-12-17T13:45:32 IST" name="launchandLoadURL" finished-at="2024-12-17T13:45:37 IST" duration-ms="4578" status="PASS">
          <reporter-output>
          </reporter-output>
        </test-method> <!-- launchandLoadURL -->
        <test-method signature="contactsTest()[pri:3, instance:test.TC_004_ContactsEditTest@36fc695d]" started-at="2024-12-17T13:45:37 IST" name="contactsTest" finished-at="2024-12-17T13:45:44 IST" duration-ms="7434" status="PASS">
          <reporter-output>
          </reporter-output>
        </test-method> <!-- contactsTest -->
        <test-method is-config="true" signature="browsrClose()[pri:0, instance:test.TC_004_ContactsEditTest@36fc695d]" started-at="2024-12-17T13:45:44 IST" name="browsrClose" finished-at="2024-12-17T13:45:44 IST" duration-ms="1" status="PASS">
          <reporter-output>
          </reporter-output>
        </test-method> <!-- browsrClose -->
      </class> <!-- test.TC_004_ContactsEditTest -->
    </test> <!-- Test -->
  </suite> <!-- Suite -->
</testng-results>
